<?xml version="1.0" encoding="UTF-8"?>
<!-- Generated by org.testng.reporters.JUnitReportReporter -->
<testsuite hostname="LAPTOP-FN8TESJ8" failures="0" tests="2" name="testNG.TestNGStepsUsingPageFactory" time="4.894" errors="0" timestamp="2021-01-20T14:30:23 IST" skipped="0">
  <testcase classname="testNG.TestNGStepsUsingPageFactory" name="user_click_on_Login_Sign_Up" time="2.373"/>
  <system-out/>
  <testcase classname="testNG.TestNGStepsUsingPageFactory" name="user_enters_valid_credential" time="2.521"/>
  <system-out/>
</testsuite> <!-- testNG.TestNGStepsUsingPageFactory -->
